{"C:\\Users\\rafae\\Desktop\\REPO\\app.js": {"path":"C:\\Users\\rafae\\Desktop\\REPO\\app.js","statementMap":{"0":{"start":{"line":1,"column":0},"end":{"line":1,"column":26}},"1":{"start":{"line":2,"column":16},"end":{"line":2,"column":35}},"2":{"start":{"line":3,"column":13},"end":{"line":3,"column":29}},"3":{"start":{"line":4,"column":18},"end":{"line":4,"column":47}},"4":{"start":{"line":5,"column":23},"end":{"line":5,"column":48}},"5":{"start":{"line":6,"column":25},"end":{"line":6,"column":50}},"6":{"start":{"line":7,"column":12},"end":{"line":7,"column":21}},"7":{"start":{"line":8,"column":13},"end":{"line":8,"column":35}},"8":{"start":{"line":9,"column":18},"end":{"line":9,"column":39}},"9":{"start":{"line":10,"column":21},"end":{"line":10,"column":52}},"10":{"start":{"line":11,"column":17},"end":{"line":11,"column":54}},"11":{"start":{"line":12,"column":29},"end":{"line":12,"column":54}},"12":{"start":{"line":14,"column":0},"end":{"line":14,"column":15}},"13":{"start":{"line":15,"column":0},"end":{"line":15,"column":23}},"14":{"start":{"line":16,"column":0},"end":{"line":16,"column":34}},"15":{"start":{"line":20,"column":0},"end":{"line":20,"column":81}},"16":{"start":{"line":26,"column":0},"end":{"line":26,"column":36}},"17":{"start":{"line":28,"column":0},"end":{"line":30,"column":1}},"18":{"start":{"line":29,"column":4},"end":{"line":29,"column":21}},"19":{"start":{"line":33,"column":0},"end":{"line":33,"column":60}},"20":{"start":{"line":34,"column":0},"end":{"line":34,"column":21}}},"fnMap":{},"branchMap":{"0":{"loc":{"start":{"line":8,"column":13},"end":{"line":8,"column":35}},"type":"binary-expr","locations":[{"start":{"line":8,"column":13},"end":{"line":8,"column":29}},{"start":{"line":8,"column":31},"end":{"line":8,"column":35}}],"line":8},"1":{"loc":{"start":{"line":11,"column":17},"end":{"line":11,"column":54}},"type":"binary-expr","locations":[{"start":{"line":11,"column":17},"end":{"line":11,"column":37}},{"start":{"line":11,"column":41},"end":{"line":11,"column":54}}],"line":11},"2":{"loc":{"start":{"line":28,"column":0},"end":{"line":30,"column":1}},"type":"if","locations":[{"start":{"line":28,"column":0},"end":{"line":30,"column":1}},{"start":{},"end":{}}],"line":28},"3":{"loc":{"start":{"line":33,"column":0},"end":{"line":33,"column":59}},"type":"cond-expr","locations":[{"start":{"line":33,"column":24},"end":{"line":33,"column":40}},{"start":{"line":33,"column":43},"end":{"line":33,"column":59}}],"line":33}},"s":{"0":3,"1":3,"2":3,"3":3,"4":3,"5":3,"6":3,"7":3,"8":3,"9":3,"10":3,"11":3,"12":3,"13":3,"14":3,"15":3,"16":3,"17":3,"18":0,"19":3,"20":3},"f":{},"b":{"0":[3,0],"1":[3,0],"2":[0,3],"3":[3,0]},"_coverageSchema":"1a1c01bbd47fc00a2c39e90264f33305004495a9","hash":"d29cefa46c015131f1a9bfca51454b3ee82115ac"}
,"C:\\Users\\rafae\\Desktop\\REPO\\config\\mongo.js": {"path":"C:\\Users\\rafae\\Desktop\\REPO\\config\\mongo.js","statementMap":{"0":{"start":{"line":1,"column":17},"end":{"line":1,"column":36}},"1":{"start":{"line":2,"column":17},"end":{"line":2,"column":37}},"2":{"start":{"line":5,"column":18},"end":{"line":21,"column":1}},"3":{"start":{"line":6,"column":20},"end":{"line":6,"column":86}},"4":{"start":{"line":8,"column":4},"end":{"line":20,"column":6}},"5":{"start":{"line":14,"column":8},"end":{"line":18,"column":9}},"6":{"start":{"line":15,"column":12},"end":{"line":15,"column":44}},"7":{"start":{"line":17,"column":12},"end":{"line":17,"column":44}},"8":{"start":{"line":23,"column":0},"end":{"line":23,"column":27}}},"fnMap":{"0":{"name":"(anonymous_0)","decl":{"start":{"line":5,"column":18},"end":{"line":5,"column":19}},"loc":{"start":{"line":5,"column":28},"end":{"line":21,"column":1}},"line":5},"1":{"name":"(anonymous_1)","decl":{"start":{"line":13,"column":4},"end":{"line":13,"column":5}},"loc":{"start":{"line":13,"column":17},"end":{"line":19,"column":5}},"line":13}},"branchMap":{"0":{"loc":{"start":{"line":6,"column":20},"end":{"line":6,"column":86}},"type":"cond-expr","locations":[{"start":{"line":6,"column":42},"end":{"line":6,"column":65}},{"start":{"line":6,"column":68},"end":{"line":6,"column":86}}],"line":6},"1":{"loc":{"start":{"line":14,"column":8},"end":{"line":18,"column":9}},"type":"if","locations":[{"start":{"line":14,"column":8},"end":{"line":18,"column":9}},{"start":{"line":16,"column":13},"end":{"line":18,"column":9}}],"line":14}},"s":{"0":3,"1":3,"2":3,"3":3,"4":3,"5":3,"6":3,"7":0,"8":3},"f":{"0":3,"1":3},"b":{"0":[3,0],"1":[3,0]},"_coverageSchema":"1a1c01bbd47fc00a2c39e90264f33305004495a9","hash":"543a0325ba8adc334eaaad215e9f89f842fa2f39"}
,"C:\\Users\\rafae\\Desktop\\REPO\\config\\mysql.js": {"path":"C:\\Users\\rafae\\Desktop\\REPO\\config\\mysql.js","statementMap":{"0":{"start":{"line":1,"column":20},"end":{"line":1,"column":41}},"1":{"start":{"line":2,"column":17},"end":{"line":2,"column":37}},"2":{"start":{"line":4,"column":17},"end":{"line":4,"column":99}},"3":{"start":{"line":5,"column":17},"end":{"line":5,"column":39}},"4":{"start":{"line":6,"column":17},"end":{"line":6,"column":43}},"5":{"start":{"line":7,"column":13},"end":{"line":7,"column":35}},"6":{"start":{"line":9,"column":18},"end":{"line":11,"column":1}},"7":{"start":{"line":13,"column":23},"end":{"line":20,"column":1}},"8":{"start":{"line":14,"column":0},"end":{"line":19,"column":1}},"9":{"start":{"line":15,"column":4},"end":{"line":15,"column":35}},"10":{"start":{"line":16,"column":4},"end":{"line":16,"column":42}},"11":{"start":{"line":18,"column":4},"end":{"line":18,"column":44}},"12":{"start":{"line":22,"column":0},"end":{"line":22,"column":44}}},"fnMap":{"0":{"name":"(anonymous_0)","decl":{"start":{"line":13,"column":23},"end":{"line":13,"column":24}},"loc":{"start":{"line":13,"column":33},"end":{"line":20,"column":1}},"line":13}},"branchMap":{"0":{"loc":{"start":{"line":4,"column":17},"end":{"line":4,"column":99}},"type":"cond-expr","locations":[{"start":{"line":4,"column":39},"end":{"line":4,"column":70}},{"start":{"line":4,"column":73},"end":{"line":4,"column":99}}],"line":4}},"s":{"0":3,"1":3,"2":3,"3":3,"4":3,"5":3,"6":3,"7":3,"8":0,"9":0,"10":0,"11":0,"12":3},"f":{"0":0},"b":{"0":[3,0]},"_coverageSchema":"1a1c01bbd47fc00a2c39e90264f33305004495a9","hash":"fbf690a23db320cf73a59c58b85aac13547e4970"}
,"C:\\Users\\rafae\\Desktop\\REPO\\controllers\\auth.js": {"path":"C:\\Users\\rafae\\Desktop\\REPO\\controllers\\auth.js","statementMap":{"0":{"start":{"line":1,"column":24},"end":{"line":1,"column":52}},"1":{"start":{"line":2,"column":30},"end":{"line":2,"column":64}},"2":{"start":{"line":3,"column":22},"end":{"line":3,"column":51}},"3":{"start":{"line":4,"column":23},"end":{"line":4,"column":43}},"4":{"start":{"line":5,"column":28},"end":{"line":5,"column":59}},"5":{"start":{"line":14,"column":21},"end":{"line":30,"column":1}},"6":{"start":{"line":15,"column":2},"end":{"line":29,"column":3}},"7":{"start":{"line":16,"column":4},"end":{"line":16,"column":27}},"8":{"start":{"line":17,"column":21},"end":{"line":17,"column":48}},"9":{"start":{"line":18,"column":17},"end":{"line":18,"column":37}},"10":{"start":{"line":19,"column":21},"end":{"line":19,"column":50}},"11":{"start":{"line":20,"column":4},"end":{"line":20,"column":59}},"12":{"start":{"line":22,"column":17},"end":{"line":25,"column":5}},"13":{"start":{"line":26,"column":4},"end":{"line":26,"column":22}},"14":{"start":{"line":28,"column":4},"end":{"line":28,"column":47}},"15":{"start":{"line":33,"column":18},"end":{"line":62,"column":1}},"16":{"start":{"line":34,"column":4},"end":{"line":61,"column":5}},"17":{"start":{"line":35,"column":8},"end":{"line":35,"column":31}},"18":{"start":{"line":36,"column":21},"end":{"line":36,"column":64}},"19":{"start":{"line":38,"column":8},"end":{"line":41,"column":9}},"20":{"start":{"line":39,"column":12},"end":{"line":39,"column":55}},"21":{"start":{"line":40,"column":12},"end":{"line":40,"column":18}},"22":{"start":{"line":43,"column":29},"end":{"line":43,"column":49}},"23":{"start":{"line":44,"column":22},"end":{"line":44,"column":63}},"24":{"start":{"line":46,"column":8},"end":{"line":49,"column":9}},"25":{"start":{"line":47,"column":12},"end":{"line":47,"column":58}},"26":{"start":{"line":48,"column":12},"end":{"line":48,"column":18}},"27":{"start":{"line":51,"column":8},"end":{"line":51,"column":56}},"28":{"start":{"line":52,"column":21},"end":{"line":55,"column":9}},"29":{"start":{"line":57,"column":8},"end":{"line":57,"column":24}},"30":{"start":{"line":60,"column":8},"end":{"line":60,"column":48}},"31":{"start":{"line":64,"column":0},"end":{"line":64,"column":44}}},"fnMap":{"0":{"name":"(anonymous_0)","decl":{"start":{"line":14,"column":21},"end":{"line":14,"column":22}},"loc":{"start":{"line":14,"column":41},"end":{"line":30,"column":1}},"line":14},"1":{"name":"(anonymous_1)","decl":{"start":{"line":33,"column":18},"end":{"line":33,"column":19}},"loc":{"start":{"line":33,"column":37},"end":{"line":62,"column":1}},"line":33}},"branchMap":{"0":{"loc":{"start":{"line":38,"column":8},"end":{"line":41,"column":9}},"type":"if","locations":[{"start":{"line":38,"column":8},"end":{"line":41,"column":9}},{"start":{},"end":{}}],"line":38},"1":{"loc":{"start":{"line":46,"column":8},"end":{"line":49,"column":9}},"type":"if","locations":[{"start":{"line":46,"column":8},"end":{"line":49,"column":9}},{"start":{},"end":{}}],"line":46}},"s":{"0":3,"1":3,"2":3,"3":3,"4":3,"5":3,"6":1,"7":1,"8":1,"9":1,"10":1,"11":1,"12":1,"13":1,"14":0,"15":3,"16":3,"17":3,"18":3,"19":3,"20":1,"21":1,"22":2,"23":2,"24":2,"25":1,"26":1,"27":1,"28":1,"29":1,"30":0,"31":3},"f":{"0":1,"1":3},"b":{"0":[1,2],"1":[1,1]},"_coverageSchema":"1a1c01bbd47fc00a2c39e90264f33305004495a9","hash":"8c95719452f7478721694a5556c0774d11743c2f"}
,"C:\\Users\\rafae\\Desktop\\REPO\\controllers\\storage.js": {"path":"C:\\Users\\rafae\\Desktop\\REPO\\controllers\\storage.js","statementMap":{"0":{"start":{"line":1,"column":11},"end":{"line":1,"column":25}},"1":{"start":{"line":2,"column":23},"end":{"line":2,"column":43}},"2":{"start":{"line":3,"column":26},"end":{"line":3,"column":57}},"3":{"start":{"line":4,"column":22},"end":{"line":4,"column":50}},"4":{"start":{"line":6,"column":19},"end":{"line":6,"column":41}},"5":{"start":{"line":7,"column":18},"end":{"line":7,"column":43}},"6":{"start":{"line":12,"column":17},"end":{"line":20,"column":1}},"7":{"start":{"line":13,"column":4},"end":{"line":18,"column":5}},"8":{"start":{"line":14,"column":21},"end":{"line":14,"column":48}},"9":{"start":{"line":15,"column":8},"end":{"line":15,"column":24}},"10":{"start":{"line":17,"column":8},"end":{"line":17,"column":47}},"11":{"start":{"line":28,"column":16},"end":{"line":37,"column":1}},"12":{"start":{"line":29,"column":4},"end":{"line":35,"column":5}},"13":{"start":{"line":30,"column":21},"end":{"line":30,"column":37}},"14":{"start":{"line":31,"column":21},"end":{"line":31,"column":52}},"15":{"start":{"line":32,"column":8},"end":{"line":32,"column":24}},"16":{"start":{"line":34,"column":8},"end":{"line":34,"column":49}},"17":{"start":{"line":45,"column":19},"end":{"line":57,"column":1}},"18":{"start":{"line":46,"column":4},"end":{"line":55,"column":5}},"19":{"start":{"line":47,"column":23},"end":{"line":47,"column":26}},"20":{"start":{"line":48,"column":24},"end":{"line":49,"column":69}},"21":{"start":{"line":50,"column":21},"end":{"line":50,"column":56}},"22":{"start":{"line":51,"column":8},"end":{"line":51,"column":24}},"23":{"start":{"line":52,"column":8},"end":{"line":52,"column":24}},"24":{"start":{"line":54,"column":8},"end":{"line":54,"column":48}},"25":{"start":{"line":65,"column":19},"end":{"line":82,"column":1}},"26":{"start":{"line":66,"column":4},"end":{"line":80,"column":5}},"27":{"start":{"line":67,"column":21},"end":{"line":67,"column":37}},"28":{"start":{"line":68,"column":25},"end":{"line":68,"column":56}},"29":{"start":{"line":69,"column":31},"end":{"line":69,"column":66}},"30":{"start":{"line":70,"column":27},"end":{"line":70,"column":35}},"31":{"start":{"line":71,"column":24},"end":{"line":71,"column":51}},"32":{"start":{"line":73,"column":8},"end":{"line":73,"column":31}},"33":{"start":{"line":74,"column":21},"end":{"line":76,"column":9}},"34":{"start":{"line":77,"column":8},"end":{"line":77,"column":25}},"35":{"start":{"line":79,"column":8},"end":{"line":79,"column":48}},"36":{"start":{"line":85,"column":0},"end":{"line":85,"column":62}}},"fnMap":{"0":{"name":"(anonymous_0)","decl":{"start":{"line":12,"column":17},"end":{"line":12,"column":18}},"loc":{"start":{"line":12,"column":37},"end":{"line":20,"column":1}},"line":12},"1":{"name":"(anonymous_1)","decl":{"start":{"line":28,"column":16},"end":{"line":28,"column":17}},"loc":{"start":{"line":28,"column":36},"end":{"line":37,"column":1}},"line":28},"2":{"name":"(anonymous_2)","decl":{"start":{"line":45,"column":19},"end":{"line":45,"column":20}},"loc":{"start":{"line":45,"column":39},"end":{"line":57,"column":1}},"line":45},"3":{"name":"(anonymous_3)","decl":{"start":{"line":65,"column":19},"end":{"line":65,"column":20}},"loc":{"start":{"line":65,"column":39},"end":{"line":82,"column":1}},"line":65}},"branchMap":{},"s":{"0":3,"1":3,"2":3,"3":3,"4":3,"5":3,"6":3,"7":1,"8":1,"9":1,"10":0,"11":3,"12":1,"13":1,"14":1,"15":1,"16":0,"17":3,"18":1,"19":1,"20":1,"21":1,"22":1,"23":1,"24":0,"25":3,"26":1,"27":1,"28":1,"29":1,"30":1,"31":1,"32":1,"33":1,"34":1,"35":0,"36":3},"f":{"0":1,"1":1,"2":1,"3":1},"b":{},"_coverageSchema":"1a1c01bbd47fc00a2c39e90264f33305004495a9","hash":"8a34ff8aea8c82392fd3274c8c518863cfb967c8"}
,"C:\\Users\\rafae\\Desktop\\REPO\\controllers\\tracks.js": {"path":"C:\\Users\\rafae\\Desktop\\REPO\\controllers\\tracks.js","statementMap":{"0":{"start":{"line":1,"column":22},"end":{"line":1,"column":42}},"1":{"start":{"line":2,"column":28},"end":{"line":2,"column":59}},"2":{"start":{"line":3,"column":22},"end":{"line":3,"column":50}},"3":{"start":{"line":10,"column":17},"end":{"line":19,"column":1}},"4":{"start":{"line":12,"column":4},"end":{"line":18,"column":5}},"5":{"start":{"line":13,"column":21},"end":{"line":13,"column":29}},"6":{"start":{"line":14,"column":21},"end":{"line":14,"column":54}},"7":{"start":{"line":15,"column":8},"end":{"line":15,"column":30}},"8":{"start":{"line":17,"column":8},"end":{"line":17,"column":46}},"9":{"start":{"line":25,"column":16},"end":{"line":34,"column":1}},"10":{"start":{"line":26,"column":4},"end":{"line":33,"column":5}},"11":{"start":{"line":27,"column":8},"end":{"line":27,"column":31}},"12":{"start":{"line":28,"column":20},"end":{"line":28,"column":23}},"13":{"start":{"line":29,"column":21},"end":{"line":29,"column":54}},"14":{"start":{"line":30,"column":8},"end":{"line":30,"column":25}},"15":{"start":{"line":32,"column":8},"end":{"line":32,"column":45}},"16":{"start":{"line":38,"column":19},"end":{"line":46,"column":1}},"17":{"start":{"line":39,"column":4},"end":{"line":45,"column":5}},"18":{"start":{"line":40,"column":21},"end":{"line":40,"column":37}},"19":{"start":{"line":41,"column":21},"end":{"line":41,"column":51}},"20":{"start":{"line":42,"column":8},"end":{"line":42,"column":25}},"21":{"start":{"line":44,"column":8},"end":{"line":44,"column":49}},"22":{"start":{"line":52,"column":19},"end":{"line":63,"column":1}},"23":{"start":{"line":53,"column":4},"end":{"line":62,"column":5}},"24":{"start":{"line":54,"column":30},"end":{"line":54,"column":46}},"25":{"start":{"line":56,"column":21},"end":{"line":58,"column":9}},"26":{"start":{"line":59,"column":8},"end":{"line":59,"column":25}},"27":{"start":{"line":61,"column":8},"end":{"line":61,"column":48}},"28":{"start":{"line":69,"column":19},"end":{"line":79,"column":1}},"29":{"start":{"line":70,"column":4},"end":{"line":78,"column":5}},"30":{"start":{"line":71,"column":8},"end":{"line":71,"column":31}},"31":{"start":{"line":72,"column":20},"end":{"line":72,"column":23}},"32":{"start":{"line":73,"column":31},"end":{"line":73,"column":65}},"33":{"start":{"line":74,"column":21},"end":{"line":74,"column":59}},"34":{"start":{"line":75,"column":8},"end":{"line":75,"column":24}},"35":{"start":{"line":77,"column":8},"end":{"line":77,"column":48}},"36":{"start":{"line":83,"column":0},"end":{"line":83,"column":75}}},"fnMap":{"0":{"name":"(anonymous_0)","decl":{"start":{"line":10,"column":17},"end":{"line":10,"column":18}},"loc":{"start":{"line":10,"column":37},"end":{"line":19,"column":1}},"line":10},"1":{"name":"(anonymous_1)","decl":{"start":{"line":25,"column":16},"end":{"line":25,"column":17}},"loc":{"start":{"line":25,"column":36},"end":{"line":34,"column":1}},"line":25},"2":{"name":"(anonymous_2)","decl":{"start":{"line":38,"column":19},"end":{"line":38,"column":20}},"loc":{"start":{"line":38,"column":39},"end":{"line":46,"column":1}},"line":38},"3":{"name":"(anonymous_3)","decl":{"start":{"line":52,"column":19},"end":{"line":52,"column":20}},"loc":{"start":{"line":52,"column":39},"end":{"line":63,"column":1}},"line":52},"4":{"name":"(anonymous_4)","decl":{"start":{"line":69,"column":19},"end":{"line":69,"column":20}},"loc":{"start":{"line":69,"column":39},"end":{"line":79,"column":1}},"line":69}},"branchMap":{},"s":{"0":3,"1":3,"2":3,"3":3,"4":1,"5":1,"6":1,"7":1,"8":0,"9":3,"10":1,"11":1,"12":1,"13":1,"14":1,"15":0,"16":3,"17":1,"18":1,"19":1,"20":1,"21":0,"22":3,"23":0,"24":0,"25":0,"26":0,"27":0,"28":3,"29":1,"30":1,"31":1,"32":1,"33":1,"34":1,"35":0,"36":3},"f":{"0":1,"1":1,"2":1,"3":0,"4":1},"b":{},"_coverageSchema":"1a1c01bbd47fc00a2c39e90264f33305004495a9","hash":"ea1cd107a07c1e324fede9b6a633b7a8583baa18"}
,"C:\\Users\\rafae\\Desktop\\REPO\\docs\\swagger.js": {"path":"C:\\Users\\rafae\\Desktop\\REPO\\docs\\swagger.js","statementMap":{"0":{"start":{"line":1,"column":21},"end":{"line":1,"column":45}},"1":{"start":{"line":4,"column":26},"end":{"line":116,"column":1}},"2":{"start":{"line":120,"column":16},"end":{"line":125,"column":1}},"3":{"start":{"line":128,"column":29},"end":{"line":128,"column":50}},"4":{"start":{"line":131,"column":0},"end":{"line":131,"column":37}}},"fnMap":{},"branchMap":{},"s":{"0":3,"1":3,"2":3,"3":3,"4":3},"f":{},"b":{},"_coverageSchema":"1a1c01bbd47fc00a2c39e90264f33305004495a9","hash":"789547ced2ba805a44023b764c5fefad3f3af97a"}
,"C:\\Users\\rafae\\Desktop\\REPO\\middleware\\rol.js": {"path":"C:\\Users\\rafae\\Desktop\\REPO\\middleware\\rol.js","statementMap":{"0":{"start":{"line":1,"column":25},"end":{"line":1,"column":56}},"1":{"start":{"line":2,"column":17},"end":{"line":18,"column":1}},"2":{"start":{"line":2,"column":27},"end":{"line":18,"column":1}},"3":{"start":{"line":3,"column":4},"end":{"line":17,"column":5}},"4":{"start":{"line":4,"column":23},"end":{"line":4,"column":26}},"5":{"start":{"line":5,"column":28},"end":{"line":5,"column":37}},"6":{"start":{"line":7,"column":30},"end":{"line":7,"column":87}},"7":{"start":{"line":7,"column":55},"end":{"line":7,"column":86}},"8":{"start":{"line":9,"column":8},"end":{"line":12,"column":9}},"9":{"start":{"line":10,"column":12},"end":{"line":10,"column":61}},"10":{"start":{"line":11,"column":12},"end":{"line":11,"column":19}},"11":{"start":{"line":14,"column":8},"end":{"line":14,"column":15}},"12":{"start":{"line":16,"column":8},"end":{"line":16,"column":54}},"13":{"start":{"line":20,"column":0},"end":{"line":20,"column":26}}},"fnMap":{"0":{"name":"(anonymous_0)","decl":{"start":{"line":2,"column":17},"end":{"line":2,"column":18}},"loc":{"start":{"line":2,"column":27},"end":{"line":18,"column":1}},"line":2},"1":{"name":"(anonymous_1)","decl":{"start":{"line":2,"column":27},"end":{"line":2,"column":28}},"loc":{"start":{"line":2,"column":46},"end":{"line":18,"column":1}},"line":2},"2":{"name":"(anonymous_2)","decl":{"start":{"line":7,"column":41},"end":{"line":7,"column":42}},"loc":{"start":{"line":7,"column":55},"end":{"line":7,"column":86}},"line":7}},"branchMap":{"0":{"loc":{"start":{"line":9,"column":8},"end":{"line":12,"column":9}},"type":"if","locations":[{"start":{"line":9,"column":8},"end":{"line":12,"column":9}},{"start":{},"end":{}}],"line":9}},"s":{"0":3,"1":3,"2":3,"3":1,"4":1,"5":1,"6":1,"7":2,"8":1,"9":0,"10":0,"11":1,"12":0,"13":3},"f":{"0":3,"1":1,"2":2},"b":{"0":[0,1]},"_coverageSchema":"1a1c01bbd47fc00a2c39e90264f33305004495a9","hash":"96776f8308c9460cc1dec43a971e461470cfdfe9"}
,"C:\\Users\\rafae\\Desktop\\REPO\\middleware\\session.js": {"path":"C:\\Users\\rafae\\Desktop\\REPO\\middleware\\session.js","statementMap":{"0":{"start":{"line":1,"column":28},"end":{"line":1,"column":59}},"1":{"start":{"line":2,"column":22},"end":{"line":2,"column":52}},"2":{"start":{"line":3,"column":21},"end":{"line":3,"column":42}},"3":{"start":{"line":4,"column":22},"end":{"line":4,"column":65}},"4":{"start":{"line":5,"column":22},"end":{"line":5,"column":37}},"5":{"start":{"line":7,"column":23},"end":{"line":34,"column":1}},"6":{"start":{"line":8,"column":4},"end":{"line":33,"column":5}},"7":{"start":{"line":10,"column":8},"end":{"line":13,"column":9}},"8":{"start":{"line":11,"column":12},"end":{"line":11,"column":53}},"9":{"start":{"line":12,"column":12},"end":{"line":12,"column":18}},"10":{"start":{"line":15,"column":22},"end":{"line":15,"column":64}},"11":{"start":{"line":16,"column":26},"end":{"line":16,"column":50}},"12":{"start":{"line":18,"column":8},"end":{"line":21,"column":9}},"13":{"start":{"line":19,"column":12},"end":{"line":19,"column":57}},"14":{"start":{"line":20,"column":12},"end":{"line":20,"column":18}},"15":{"start":{"line":23,"column":21},"end":{"line":25,"column":9}},"16":{"start":{"line":27,"column":21},"end":{"line":27,"column":52}},"17":{"start":{"line":28,"column":8},"end":{"line":28,"column":23}},"18":{"start":{"line":29,"column":8},"end":{"line":29,"column":14}},"19":{"start":{"line":32,"column":8},"end":{"line":32,"column":48}},"20":{"start":{"line":36,"column":0},"end":{"line":36,"column":32}}},"fnMap":{"0":{"name":"(anonymous_0)","decl":{"start":{"line":7,"column":23},"end":{"line":7,"column":24}},"loc":{"start":{"line":7,"column":50},"end":{"line":34,"column":1}},"line":7}},"branchMap":{"0":{"loc":{"start":{"line":10,"column":8},"end":{"line":13,"column":9}},"type":"if","locations":[{"start":{"line":10,"column":8},"end":{"line":13,"column":9}},{"start":{},"end":{}}],"line":10},"1":{"loc":{"start":{"line":18,"column":8},"end":{"line":21,"column":9}},"type":"if","locations":[{"start":{"line":18,"column":8},"end":{"line":21,"column":9}},{"start":{},"end":{}}],"line":18}},"s":{"0":3,"1":3,"2":3,"3":3,"4":3,"5":3,"6":4,"7":4,"8":0,"9":0,"10":4,"11":4,"12":4,"13":0,"14":0,"15":4,"16":4,"17":4,"18":4,"19":0,"20":3},"f":{"0":4},"b":{"0":[0,4],"1":[0,4]},"_coverageSchema":"1a1c01bbd47fc00a2c39e90264f33305004495a9","hash":"a4144b65601df4fed88e443d86447adbd141383f"}
,"C:\\Users\\rafae\\Desktop\\REPO\\models\\index.js": {"path":"C:\\Users\\rafae\\Desktop\\REPO\\models\\index.js","statementMap":{"0":{"start":{"line":1,"column":18},"end":{"line":1,"column":39}},"1":{"start":{"line":2,"column":19},"end":{"line":2,"column":64}},"2":{"start":{"line":4,"column":15},"end":{"line":9,"column":1}},"3":{"start":{"line":10,"column":0},"end":{"line":10,"column":37}},"4":{"start":{"line":13,"column":0},"end":{"line":13,"column":24}}},"fnMap":{},"branchMap":{"0":{"loc":{"start":{"line":2,"column":19},"end":{"line":2,"column":64}},"type":"cond-expr","locations":[{"start":{"line":2,"column":43},"end":{"line":2,"column":52}},{"start":{"line":2,"column":55},"end":{"line":2,"column":64}}],"line":2}},"s":{"0":3,"1":3,"2":3,"3":3,"4":3},"f":{},"b":{"0":[3,0]},"_coverageSchema":"1a1c01bbd47fc00a2c39e90264f33305004495a9","hash":"a907313e5c5cc42cde651c3fa65ae12e9346d76d"}
,"C:\\Users\\rafae\\Desktop\\REPO\\models\\nosql\\storage.js": {"path":"C:\\Users\\rafae\\Desktop\\REPO\\models\\nosql\\storage.js","statementMap":{"0":{"start":{"line":1,"column":17},"end":{"line":1,"column":36}},"1":{"start":{"line":2,"column":24},"end":{"line":2,"column":50}},"2":{"start":{"line":3,"column":22},"end":{"line":16,"column":1}},"3":{"start":{"line":18,"column":0},"end":{"line":18,"column":62}},"4":{"start":{"line":19,"column":0},"end":{"line":19,"column":58}}},"fnMap":{},"branchMap":{},"s":{"0":3,"1":3,"2":3,"3":3,"4":3},"f":{},"b":{},"_coverageSchema":"1a1c01bbd47fc00a2c39e90264f33305004495a9","hash":"606fe5e2d8c706dbee86966a16b7c30deff73d19"}
,"C:\\Users\\rafae\\Desktop\\REPO\\models\\nosql\\tracks.js": {"path":"C:\\Users\\rafae\\Desktop\\REPO\\models\\nosql\\tracks.js","statementMap":{"0":{"start":{"line":1,"column":17},"end":{"line":1,"column":36}},"1":{"start":{"line":2,"column":24},"end":{"line":2,"column":50}},"2":{"start":{"line":3,"column":21},"end":{"line":47,"column":1}},"3":{"start":{"line":15,"column":20},"end":{"line":15,"column":32}},"4":{"start":{"line":49,"column":0},"end":{"line":64,"column":2}},"5":{"start":{"line":50,"column":21},"end":{"line":62,"column":6}},"6":{"start":{"line":63,"column":4},"end":{"line":63,"column":19}},"7":{"start":{"line":65,"column":0},"end":{"line":86,"column":2}},"8":{"start":{"line":66,"column":21},"end":{"line":84,"column":6}},"9":{"start":{"line":85,"column":4},"end":{"line":85,"column":19}},"10":{"start":{"line":88,"column":0},"end":{"line":88,"column":61}},"11":{"start":{"line":89,"column":0},"end":{"line":89,"column":56}}},"fnMap":{"0":{"name":"(anonymous_0)","decl":{"start":{"line":14,"column":26},"end":{"line":14,"column":27}},"loc":{"start":{"line":14,"column":34},"end":{"line":16,"column":17}},"line":14},"1":{"name":"(anonymous_1)","decl":{"start":{"line":49,"column":35},"end":{"line":49,"column":36}},"loc":{"start":{"line":49,"column":47},"end":{"line":64,"column":1}},"line":49},"2":{"name":"(anonymous_2)","decl":{"start":{"line":65,"column":35},"end":{"line":65,"column":36}},"loc":{"start":{"line":65,"column":48},"end":{"line":86,"column":1}},"line":65}},"branchMap":{},"s":{"0":3,"1":3,"2":3,"3":1,"4":3,"5":1,"6":1,"7":3,"8":1,"9":1,"10":3,"11":3},"f":{"0":1,"1":1,"2":1},"b":{},"_coverageSchema":"1a1c01bbd47fc00a2c39e90264f33305004495a9","hash":"5584213eea9d85fd3443db8cae312889fbe8cc54"}
,"C:\\Users\\rafae\\Desktop\\REPO\\models\\nosql\\users.js": {"path":"C:\\Users\\rafae\\Desktop\\REPO\\models\\nosql\\users.js","statementMap":{"0":{"start":{"line":1,"column":17},"end":{"line":1,"column":36}},"1":{"start":{"line":2,"column":24},"end":{"line":2,"column":50}},"2":{"start":{"line":3,"column":19},"end":{"line":27,"column":1}},"3":{"start":{"line":29,"column":0},"end":{"line":29,"column":59}},"4":{"start":{"line":30,"column":0},"end":{"line":30,"column":53}}},"fnMap":{},"branchMap":{},"s":{"0":3,"1":3,"2":3,"3":3,"4":3},"f":{},"b":{},"_coverageSchema":"1a1c01bbd47fc00a2c39e90264f33305004495a9","hash":"5acf3be6c990bb88274e462b51979928d43646c5"}
,"C:\\Users\\rafae\\Desktop\\REPO\\routes\\auth.js": {"path":"C:\\Users\\rafae\\Desktop\\REPO\\routes\\auth.js","statementMap":{"0":{"start":{"line":1,"column":16},"end":{"line":1,"column":34}},"1":{"start":{"line":2,"column":15},"end":{"line":2,"column":31}},"2":{"start":{"line":3,"column":46},"end":{"line":3,"column":75}},"3":{"start":{"line":4,"column":35},"end":{"line":4,"column":65}},"4":{"start":{"line":28,"column":0},"end":{"line":28,"column":58}},"5":{"start":{"line":51,"column":0},"end":{"line":51,"column":49}},"6":{"start":{"line":53,"column":0},"end":{"line":53,"column":24}}},"fnMap":{},"branchMap":{},"s":{"0":3,"1":3,"2":3,"3":3,"4":3,"5":3,"6":3},"f":{},"b":{},"_coverageSchema":"1a1c01bbd47fc00a2c39e90264f33305004495a9","hash":"40e9e29675d31bac71d1b30039793662390a1d60"}
,"C:\\Users\\rafae\\Desktop\\REPO\\routes\\index.js": {"path":"C:\\Users\\rafae\\Desktop\\REPO\\routes\\index.js","statementMap":{"0":{"start":{"line":1,"column":16},"end":{"line":1,"column":34}},"1":{"start":{"line":2,"column":11},"end":{"line":2,"column":24}},"2":{"start":{"line":3,"column":15},"end":{"line":3,"column":31}},"3":{"start":{"line":5,"column":20},"end":{"line":5,"column":29}},"4":{"start":{"line":7,"column":24},"end":{"line":9,"column":1}},"5":{"start":{"line":8,"column":4},"end":{"line":8,"column":38}},"6":{"start":{"line":11,"column":0},"end":{"line":17,"column":2}},"7":{"start":{"line":12,"column":17},"end":{"line":12,"column":38}},"8":{"start":{"line":13,"column":4},"end":{"line":16,"column":5}},"9":{"start":{"line":14,"column":8},"end":{"line":14,"column":44}},"10":{"start":{"line":15,"column":8},"end":{"line":15,"column":51}},"11":{"start":{"line":20,"column":0},"end":{"line":20,"column":23}}},"fnMap":{"0":{"name":"(anonymous_0)","decl":{"start":{"line":7,"column":24},"end":{"line":7,"column":25}},"loc":{"start":{"line":7,"column":37},"end":{"line":9,"column":1}},"line":7},"1":{"name":"(anonymous_1)","decl":{"start":{"line":11,"column":35},"end":{"line":11,"column":36}},"loc":{"start":{"line":11,"column":43},"end":{"line":17,"column":1}},"line":11}},"branchMap":{"0":{"loc":{"start":{"line":13,"column":4},"end":{"line":16,"column":5}},"type":"if","locations":[{"start":{"line":13,"column":4},"end":{"line":16,"column":5}},{"start":{},"end":{}}],"line":13}},"s":{"0":3,"1":3,"2":3,"3":3,"4":3,"5":12,"6":3,"7":12,"8":12,"9":9,"10":9,"11":3},"f":{"0":12,"1":12},"b":{"0":[9,3]},"_coverageSchema":"1a1c01bbd47fc00a2c39e90264f33305004495a9","hash":"91b1f7294ce9f5f8f56bef96f0b435d98a5c3d0a"}
,"C:\\Users\\rafae\\Desktop\\REPO\\routes\\storage.js": {"path":"C:\\Users\\rafae\\Desktop\\REPO\\routes\\storage.js","statementMap":{"0":{"start":{"line":1,"column":16},"end":{"line":1,"column":34}},"1":{"start":{"line":2,"column":15},"end":{"line":2,"column":31}},"2":{"start":{"line":3,"column":25},"end":{"line":3,"column":58}},"3":{"start":{"line":4,"column":54},"end":{"line":4,"column":87}},"4":{"start":{"line":5,"column":29},"end":{"line":5,"column":61}},"5":{"start":{"line":31,"column":0},"end":{"line":31,"column":26}},"6":{"start":{"line":61,"column":0},"end":{"line":61,"column":46}},"7":{"start":{"line":89,"column":0},"end":{"line":89,"column":64}},"8":{"start":{"line":115,"column":0},"end":{"line":115,"column":52}},"9":{"start":{"line":118,"column":0},"end":{"line":118,"column":24}}},"fnMap":{},"branchMap":{},"s":{"0":3,"1":3,"2":3,"3":3,"4":3,"5":3,"6":3,"7":3,"8":3,"9":3},"f":{},"b":{},"_coverageSchema":"1a1c01bbd47fc00a2c39e90264f33305004495a9","hash":"3219c134c6f6538e9796358aec3fe5ab58d8d208"}
,"C:\\Users\\rafae\\Desktop\\REPO\\routes\\tracks.js": {"path":"C:\\Users\\rafae\\Desktop\\REPO\\routes\\tracks.js","statementMap":{"0":{"start":{"line":1,"column":16},"end":{"line":1,"column":35}},"1":{"start":{"line":2,"column":15},"end":{"line":2,"column":31}},"2":{"start":{"line":3,"column":23},"end":{"line":3,"column":55}},"3":{"start":{"line":4,"column":17},"end":{"line":4,"column":45}},"4":{"start":{"line":5,"column":46},"end":{"line":5,"column":77}},"5":{"start":{"line":6,"column":62},"end":{"line":6,"column":94}},"6":{"start":{"line":24,"column":1},"end":{"line":24,"column":43}},"7":{"start":{"line":55,"column":1},"end":{"line":55,"column":62}},"8":{"start":{"line":84,"column":1},"end":{"line":84,"column":94}},"9":{"start":{"line":115,"column":1},"end":{"line":115,"column":86}},"10":{"start":{"line":141,"column":2},"end":{"line":141,"column":69}},"11":{"start":{"line":144,"column":0},"end":{"line":144,"column":24}}},"fnMap":{},"branchMap":{},"s":{"0":3,"1":3,"2":3,"3":3,"4":3,"5":3,"6":3,"7":3,"8":3,"9":3,"10":3,"11":3},"f":{},"b":{},"_coverageSchema":"1a1c01bbd47fc00a2c39e90264f33305004495a9","hash":"cc1b2dd888ed8713785970d00ad99275480e6a90"}
,"C:\\Users\\rafae\\Desktop\\REPO\\test\\helper\\helperData.js": {"path":"C:\\Users\\rafae\\Desktop\\REPO\\test\\helper\\helperData.js","statementMap":{"0":{"start":{"line":1,"column":22},"end":{"line":4,"column":1}},"1":{"start":{"line":6,"column":25},"end":{"line":12,"column":1}},"2":{"start":{"line":14,"column":30},"end":{"line":20,"column":1}},"3":{"start":{"line":22,"column":28},"end":{"line":25,"column":1}},"4":{"start":{"line":27,"column":22},"end":{"line":41,"column":1}},"5":{"start":{"line":44,"column":0},"end":{"line":50,"column":1}}},"fnMap":{},"branchMap":{},"s":{"0":3,"1":3,"2":3,"3":3,"4":3,"5":3},"f":{},"b":{},"_coverageSchema":"1a1c01bbd47fc00a2c39e90264f33305004495a9","hash":"130c9b07b8b83e5b62fdb9ea08488cabf2fef1c5"}
,"C:\\Users\\rafae\\Desktop\\REPO\\utils\\handleError.js": {"path":"C:\\Users\\rafae\\Desktop\\REPO\\utils\\handleError.js","statementMap":{"0":{"start":{"line":1,"column":23},"end":{"line":4,"column":1}},"1":{"start":{"line":2,"column":4},"end":{"line":2,"column":20}},"2":{"start":{"line":3,"column":4},"end":{"line":3,"column":29}},"3":{"start":{"line":6,"column":0},"end":{"line":6,"column":34}}},"fnMap":{"0":{"name":"(anonymous_0)","decl":{"start":{"line":1,"column":23},"end":{"line":1,"column":24}},"loc":{"start":{"line":1,"column":66},"end":{"line":4,"column":1}},"line":1}},"branchMap":{"0":{"loc":{"start":{"line":1,"column":29},"end":{"line":1,"column":52}},"type":"default-arg","locations":[{"start":{"line":1,"column":38},"end":{"line":1,"column":52}}],"line":1},"1":{"loc":{"start":{"line":1,"column":54},"end":{"line":1,"column":63}},"type":"default-arg","locations":[{"start":{"line":1,"column":60},"end":{"line":1,"column":63}}],"line":1}},"s":{"0":3,"1":2,"2":2,"3":3},"f":{"0":2},"b":{"0":[0],"1":[0]},"_coverageSchema":"1a1c01bbd47fc00a2c39e90264f33305004495a9","hash":"573abf2bac424b3bfbd774125e748f26d55ad848"}
,"C:\\Users\\rafae\\Desktop\\REPO\\utils\\handleJwt.js": {"path":"C:\\Users\\rafae\\Desktop\\REPO\\utils\\handleJwt.js","statementMap":{"0":{"start":{"line":1,"column":12},"end":{"line":1,"column":35}},"1":{"start":{"line":2,"column":19},"end":{"line":2,"column":41}},"2":{"start":{"line":3,"column":22},"end":{"line":3,"column":65}},"3":{"start":{"line":4,"column":22},"end":{"line":4,"column":37}},"4":{"start":{"line":7,"column":18},"end":{"line":19,"column":1}},"5":{"start":{"line":8,"column":17},"end":{"line":17,"column":5}},"6":{"start":{"line":18,"column":4},"end":{"line":18,"column":15}},"7":{"start":{"line":21,"column":20},"end":{"line":27,"column":1}},"8":{"start":{"line":22,"column":4},"end":{"line":26,"column":5}},"9":{"start":{"line":23,"column":8},"end":{"line":23,"column":47}},"10":{"start":{"line":25,"column":8},"end":{"line":25,"column":19}},"11":{"start":{"line":29,"column":0},"end":{"line":29,"column":43}}},"fnMap":{"0":{"name":"(anonymous_0)","decl":{"start":{"line":7,"column":18},"end":{"line":7,"column":19}},"loc":{"start":{"line":7,"column":34},"end":{"line":19,"column":1}},"line":7},"1":{"name":"(anonymous_1)","decl":{"start":{"line":21,"column":20},"end":{"line":21,"column":21}},"loc":{"start":{"line":21,"column":40},"end":{"line":27,"column":1}},"line":21}},"branchMap":{},"s":{"0":3,"1":3,"2":3,"3":3,"4":3,"5":4,"6":4,"7":3,"8":4,"9":4,"10":0,"11":3},"f":{"0":4,"1":4},"b":{},"_coverageSchema":"1a1c01bbd47fc00a2c39e90264f33305004495a9","hash":"327a511ce70255827a62bd44ab469945807fc4cb"}
,"C:\\Users\\rafae\\Desktop\\REPO\\utils\\handleLogger.js": {"path":"C:\\Users\\rafae\\Desktop\\REPO\\utils\\handleLogger.js","statementMap":{"0":{"start":{"line":1,"column":28},"end":{"line":1,"column":53}},"1":{"start":{"line":2,"column":16},"end":{"line":2,"column":67}},"2":{"start":{"line":4,"column":21},"end":{"line":10,"column":1}},"3":{"start":{"line":6,"column":4},"end":{"line":8,"column":7}},"4":{"start":{"line":12,"column":0},"end":{"line":12,"column":29}}},"fnMap":{"0":{"name":"(anonymous_0)","decl":{"start":{"line":5,"column":9},"end":{"line":5,"column":10}},"loc":{"start":{"line":5,"column":22},"end":{"line":9,"column":3}},"line":5}},"branchMap":{"0":{"loc":{"start":{"line":2,"column":36},"end":{"line":2,"column":66}},"type":"binary-expr","locations":[{"start":{"line":2,"column":36},"end":{"line":2,"column":61}},{"start":{"line":2,"column":64},"end":{"line":2,"column":66}}],"line":2}},"s":{"0":3,"1":3,"2":3,"3":0,"4":3},"f":{"0":0},"b":{"0":[3,3]},"_coverageSchema":"1a1c01bbd47fc00a2c39e90264f33305004495a9","hash":"2e13c739a47363e89ad009771146aa2eefe9a052"}
,"C:\\Users\\rafae\\Desktop\\REPO\\utils\\handlePassword.js": {"path":"C:\\Users\\rafae\\Desktop\\REPO\\utils\\handlePassword.js","statementMap":{"0":{"start":{"line":1,"column":18},"end":{"line":1,"column":37}},"1":{"start":{"line":4,"column":16},"end":{"line":7,"column":1}},"2":{"start":{"line":5,"column":17},"end":{"line":5,"column":55}},"3":{"start":{"line":6,"column":4},"end":{"line":6,"column":15}},"4":{"start":{"line":10,"column":16},"end":{"line":12,"column":1}},"5":{"start":{"line":11,"column":4},"end":{"line":11,"column":62}},"6":{"start":{"line":14,"column":0},"end":{"line":14,"column":36}}},"fnMap":{"0":{"name":"(anonymous_0)","decl":{"start":{"line":4,"column":16},"end":{"line":4,"column":17}},"loc":{"start":{"line":4,"column":39},"end":{"line":7,"column":1}},"line":4},"1":{"name":"(anonymous_1)","decl":{"start":{"line":10,"column":16},"end":{"line":10,"column":17}},"loc":{"start":{"line":10,"column":52},"end":{"line":12,"column":1}},"line":10}},"branchMap":{},"s":{"0":3,"1":3,"2":1,"3":1,"4":3,"5":2,"6":3},"f":{"0":1,"1":2},"b":{},"_coverageSchema":"1a1c01bbd47fc00a2c39e90264f33305004495a9","hash":"bbd43725619e4b38dc78923e87822555a847ae72"}
,"C:\\Users\\rafae\\Desktop\\REPO\\utils\\handlePropertiesEngine.js": {"path":"C:\\Users\\rafae\\Desktop\\REPO\\utils\\handlePropertiesEngine.js","statementMap":{"0":{"start":{"line":1,"column":18},"end":{"line":1,"column":39}},"1":{"start":{"line":2,"column":22},"end":{"line":13,"column":1}},"2":{"start":{"line":3,"column":17},"end":{"line":11,"column":5}},"3":{"start":{"line":12,"column":4},"end":{"line":12,"column":26}},"4":{"start":{"line":15,"column":0},"end":{"line":15,"column":30}}},"fnMap":{"0":{"name":"(anonymous_0)","decl":{"start":{"line":2,"column":22},"end":{"line":2,"column":23}},"loc":{"start":{"line":2,"column":27},"end":{"line":13,"column":1}},"line":2}},"branchMap":{},"s":{"0":3,"1":3,"2":6,"3":6,"4":3},"f":{"0":6},"b":{},"_coverageSchema":"1a1c01bbd47fc00a2c39e90264f33305004495a9","hash":"435f2c6759823ea31c451fa8c036fd52d8c9ada7"}
,"C:\\Users\\rafae\\Desktop\\REPO\\utils\\handleStorage.js": {"path":"C:\\Users\\rafae\\Desktop\\REPO\\utils\\handleStorage.js","statementMap":{"0":{"start":{"line":1,"column":15},"end":{"line":1,"column":33}},"1":{"start":{"line":2,"column":16},"end":{"line":12,"column":2}},"2":{"start":{"line":4,"column":28},"end":{"line":4,"column":53}},"3":{"start":{"line":5,"column":8},"end":{"line":5,"column":29}},"4":{"start":{"line":8,"column":20},"end":{"line":8,"column":54}},"5":{"start":{"line":9,"column":25},"end":{"line":9,"column":52}},"6":{"start":{"line":10,"column":8},"end":{"line":10,"column":26}},"7":{"start":{"line":14,"column":25},"end":{"line":14,"column":42}},"8":{"start":{"line":16,"column":0},"end":{"line":16,"column":34}}},"fnMap":{"0":{"name":"(anonymous_0)","decl":{"start":{"line":3,"column":16},"end":{"line":3,"column":17}},"loc":{"start":{"line":3,"column":39},"end":{"line":6,"column":5}},"line":3},"1":{"name":"(anonymous_1)","decl":{"start":{"line":7,"column":13},"end":{"line":7,"column":14}},"loc":{"start":{"line":7,"column":36},"end":{"line":11,"column":5}},"line":7}},"branchMap":{},"s":{"0":3,"1":3,"2":1,"3":1,"4":1,"5":1,"6":1,"7":3,"8":3},"f":{"0":1,"1":1},"b":{},"_coverageSchema":"1a1c01bbd47fc00a2c39e90264f33305004495a9","hash":"74a568f0060a1b6533b2bb593632c2dbb658cfd1"}
,"C:\\Users\\rafae\\Desktop\\REPO\\utils\\handleValidator.js": {"path":"C:\\Users\\rafae\\Desktop\\REPO\\utils\\handleValidator.js","statementMap":{"0":{"start":{"line":1,"column":24},"end":{"line":1,"column":52}},"1":{"start":{"line":3,"column":24},"end":{"line":11,"column":1}},"2":{"start":{"line":4,"column":4},"end":{"line":10,"column":5}},"3":{"start":{"line":5,"column":8},"end":{"line":5,"column":37}},"4":{"start":{"line":6,"column":8},"end":{"line":6,"column":21}},"5":{"start":{"line":8,"column":8},"end":{"line":8,"column":23}},"6":{"start":{"line":9,"column":8},"end":{"line":9,"column":38}},"7":{"start":{"line":13,"column":0},"end":{"line":13,"column":32}}},"fnMap":{"0":{"name":"(anonymous_0)","decl":{"start":{"line":3,"column":24},"end":{"line":3,"column":25}},"loc":{"start":{"line":3,"column":40},"end":{"line":11,"column":1}},"line":3}},"branchMap":{},"s":{"0":3,"1":3,"2":9,"3":9,"4":9,"5":0,"6":0,"7":3},"f":{"0":9},"b":{},"_coverageSchema":"1a1c01bbd47fc00a2c39e90264f33305004495a9","hash":"2827a2b9996ed6d05e9e25be7e186ee99122d6bf"}
,"C:\\Users\\rafae\\Desktop\\REPO\\validators\\auth.js": {"path":"C:\\Users\\rafae\\Desktop\\REPO\\validators\\auth.js","statementMap":{"0":{"start":{"line":1,"column":18},"end":{"line":1,"column":46}},"1":{"start":{"line":2,"column":24},"end":{"line":2,"column":59}},"2":{"start":{"line":6,"column":26},"end":{"line":15,"column":1}},"3":{"start":{"line":12,"column":8},"end":{"line":12,"column":46}},"4":{"start":{"line":18,"column":23},"end":{"line":25,"column":1}},"5":{"start":{"line":22,"column":8},"end":{"line":22,"column":46}},"6":{"start":{"line":27,"column":0},"end":{"line":27,"column":53}}},"fnMap":{"0":{"name":"(anonymous_0)","decl":{"start":{"line":11,"column":4},"end":{"line":11,"column":5}},"loc":{"start":{"line":11,"column":22},"end":{"line":13,"column":5}},"line":11},"1":{"name":"(anonymous_1)","decl":{"start":{"line":21,"column":4},"end":{"line":21,"column":5}},"loc":{"start":{"line":21,"column":22},"end":{"line":23,"column":5}},"line":21}},"branchMap":{},"s":{"0":3,"1":3,"2":3,"3":1,"4":3,"5":3,"6":3},"f":{"0":1,"1":3},"b":{},"_coverageSchema":"1a1c01bbd47fc00a2c39e90264f33305004495a9","hash":"e9b0a10444cbced018f703c420082d390b986d8f"}
,"C:\\Users\\rafae\\Desktop\\REPO\\validators\\storage.js": {"path":"C:\\Users\\rafae\\Desktop\\REPO\\validators\\storage.js","statementMap":{"0":{"start":{"line":1,"column":18},"end":{"line":1,"column":46}},"1":{"start":{"line":2,"column":24},"end":{"line":2,"column":59}},"2":{"start":{"line":4,"column":25},"end":{"line":9,"column":1}},"3":{"start":{"line":7,"column":8},"end":{"line":7,"column":46}},"4":{"start":{"line":11,"column":0},"end":{"line":11,"column":35}}},"fnMap":{"0":{"name":"(anonymous_0)","decl":{"start":{"line":6,"column":4},"end":{"line":6,"column":5}},"loc":{"start":{"line":6,"column":22},"end":{"line":8,"column":5}},"line":6}},"branchMap":{},"s":{"0":3,"1":3,"2":3,"3":2,"4":3},"f":{"0":2},"b":{},"_coverageSchema":"1a1c01bbd47fc00a2c39e90264f33305004495a9","hash":"05273263455f8c74bf17ca4a1d48d2c2519b272f"}
,"C:\\Users\\rafae\\Desktop\\REPO\\validators\\tracks.js": {"path":"C:\\Users\\rafae\\Desktop\\REPO\\validators\\tracks.js","statementMap":{"0":{"start":{"line":1,"column":18},"end":{"line":1,"column":46}},"1":{"start":{"line":2,"column":24},"end":{"line":2,"column":59}},"2":{"start":{"line":4,"column":28},"end":{"line":19,"column":1}},"3":{"start":{"line":17,"column":8},"end":{"line":17,"column":46}},"4":{"start":{"line":22,"column":25},"end":{"line":27,"column":1}},"5":{"start":{"line":25,"column":8},"end":{"line":25,"column":46}},"6":{"start":{"line":29,"column":28},"end":{"line":45,"column":1}},"7":{"start":{"line":43,"column":8},"end":{"line":43,"column":46}},"8":{"start":{"line":47,"column":0},"end":{"line":47,"column":55}}},"fnMap":{"0":{"name":"(anonymous_0)","decl":{"start":{"line":16,"column":8},"end":{"line":16,"column":9}},"loc":{"start":{"line":16,"column":26},"end":{"line":18,"column":5}},"line":16},"1":{"name":"(anonymous_1)","decl":{"start":{"line":24,"column":8},"end":{"line":24,"column":9}},"loc":{"start":{"line":24,"column":26},"end":{"line":26,"column":5}},"line":24},"2":{"name":"(anonymous_2)","decl":{"start":{"line":42,"column":4},"end":{"line":42,"column":5}},"loc":{"start":{"line":42,"column":24},"end":{"line":44,"column":5}},"line":42}},"branchMap":{},"s":{"0":3,"1":3,"2":3,"3":1,"4":3,"5":2,"6":3,"7":0,"8":3},"f":{"0":1,"1":2,"2":0},"b":{},"_coverageSchema":"1a1c01bbd47fc00a2c39e90264f33305004495a9","hash":"6e2a65c238cacf11b3779b9835f167de9d0ce182"}
}
