TN:
SF:app.js
FNF:0
FNH:0
DA:1,3
DA:2,3
DA:3,3
DA:4,3
DA:5,3
DA:6,3
DA:7,3
DA:8,3
DA:9,3
DA:10,3
DA:11,3
DA:12,3
DA:14,3
DA:15,3
DA:16,3
DA:20,3
DA:26,3
DA:28,3
DA:29,0
DA:33,3
DA:34,3
LF:21
LH:20
BRDA:8,0,0,3
BRDA:8,0,1,0
BRDA:11,1,0,3
BRDA:11,1,1,0
BRDA:28,2,0,0
BRDA:28,2,1,3
BRDA:33,3,0,3
BRDA:33,3,1,0
BRF:8
BRH:4
end_of_record
TN:
SF:config\mongo.js
FN:5,(anonymous_0)
FN:13,(anonymous_1)
FNF:2
FNH:2
FNDA:3,(anonymous_0)
FNDA:3,(anonymous_1)
DA:1,3
DA:2,3
DA:5,3
DA:6,3
DA:8,3
DA:14,3
DA:15,3
DA:17,0
DA:23,3
LF:9
LH:8
BRDA:6,0,0,3
BRDA:6,0,1,0
BRDA:14,1,0,3
BRDA:14,1,1,0
BRF:4
BRH:2
end_of_record
TN:
SF:config\mysql.js
FN:13,(anonymous_0)
FNF:1
FNH:0
FNDA:0,(anonymous_0)
DA:1,3
DA:2,3
DA:4,3
DA:5,3
DA:6,3
DA:7,3
DA:9,3
DA:13,3
DA:14,0
DA:15,0
DA:16,0
DA:18,0
DA:22,3
LF:13
LH:9
BRDA:4,0,0,3
BRDA:4,0,1,0
BRF:2
BRH:1
end_of_record
TN:
SF:controllers\auth.js
FN:14,(anonymous_0)
FN:33,(anonymous_1)
FNF:2
FNH:2
FNDA:1,(anonymous_0)
FNDA:3,(anonymous_1)
DA:1,3
DA:2,3
DA:3,3
DA:4,3
DA:5,3
DA:14,3
DA:15,1
DA:16,1
DA:17,1
DA:18,1
DA:19,1
DA:20,1
DA:22,1
DA:26,1
DA:28,0
DA:33,3
DA:34,3
DA:35,3
DA:36,3
DA:38,3
DA:39,1
DA:40,1
DA:43,2
DA:44,2
DA:46,2
DA:47,1
DA:48,1
DA:51,1
DA:52,1
DA:57,1
DA:60,0
DA:64,3
LF:32
LH:30
BRDA:38,0,0,1
BRDA:38,0,1,2
BRDA:46,1,0,1
BRDA:46,1,1,1
BRF:4
BRH:4
end_of_record
TN:
SF:controllers\storage.js
FN:12,(anonymous_0)
FN:28,(anonymous_1)
FN:45,(anonymous_2)
FN:65,(anonymous_3)
FNF:4
FNH:4
FNDA:1,(anonymous_0)
FNDA:1,(anonymous_1)
FNDA:1,(anonymous_2)
FNDA:1,(anonymous_3)
DA:1,3
DA:2,3
DA:3,3
DA:4,3
DA:6,3
DA:7,3
DA:12,3
DA:13,1
DA:14,1
DA:15,1
DA:17,0
DA:28,3
DA:29,1
DA:30,1
DA:31,1
DA:32,1
DA:34,0
DA:45,3
DA:46,1
DA:47,1
DA:48,1
DA:50,1
DA:51,1
DA:52,1
DA:54,0
DA:65,3
DA:66,1
DA:67,1
DA:68,1
DA:69,1
DA:70,1
DA:71,1
DA:73,1
DA:74,1
DA:77,1
DA:79,0
DA:85,3
LF:37
LH:33
BRF:0
BRH:0
end_of_record
TN:
SF:controllers\tracks.js
FN:10,(anonymous_0)
FN:25,(anonymous_1)
FN:38,(anonymous_2)
FN:52,(anonymous_3)
FN:69,(anonymous_4)
FNF:5
FNH:4
FNDA:1,(anonymous_0)
FNDA:1,(anonymous_1)
FNDA:1,(anonymous_2)
FNDA:0,(anonymous_3)
FNDA:1,(anonymous_4)
DA:1,3
DA:2,3
DA:3,3
DA:10,3
DA:12,1
DA:13,1
DA:14,1
DA:15,1
DA:17,0
DA:25,3
DA:26,1
DA:27,1
DA:28,1
DA:29,1
DA:30,1
DA:32,0
DA:38,3
DA:39,1
DA:40,1
DA:41,1
DA:42,1
DA:44,0
DA:52,3
DA:53,0
DA:54,0
DA:56,0
DA:59,0
DA:61,0
DA:69,3
DA:70,1
DA:71,1
DA:72,1
DA:73,1
DA:74,1
DA:75,1
DA:77,0
DA:83,3
LF:37
LH:28
BRF:0
BRH:0
end_of_record
TN:
SF:docs\swagger.js
FNF:0
FNH:0
DA:1,3
DA:4,3
DA:120,3
DA:128,3
DA:131,3
LF:5
LH:5
BRF:0
BRH:0
end_of_record
TN:
SF:middleware\rol.js
FN:2,(anonymous_0)
FN:2,(anonymous_1)
FN:7,(anonymous_2)
FNF:3
FNH:3
FNDA:3,(anonymous_0)
FNDA:1,(anonymous_1)
FNDA:2,(anonymous_2)
DA:1,3
DA:2,3
DA:3,1
DA:4,1
DA:5,1
DA:7,2
DA:9,1
DA:10,0
DA:11,0
DA:14,1
DA:16,0
DA:20,3
LF:12
LH:9
BRDA:9,0,0,0
BRDA:9,0,1,1
BRF:2
BRH:1
end_of_record
TN:
SF:middleware\session.js
FN:7,(anonymous_0)
FNF:1
FNH:1
FNDA:4,(anonymous_0)
DA:1,3
DA:2,3
DA:3,3
DA:4,3
DA:5,3
DA:7,3
DA:8,4
DA:10,4
DA:11,0
DA:12,0
DA:15,4
DA:16,4
DA:18,4
DA:19,0
DA:20,0
DA:23,4
DA:27,4
DA:28,4
DA:29,4
DA:32,0
DA:36,3
LF:21
LH:16
BRDA:10,0,0,0
BRDA:10,0,1,4
BRDA:18,1,0,0
BRDA:18,1,1,4
BRF:4
BRH:2
end_of_record
TN:
SF:models\index.js
FNF:0
FNH:0
DA:1,3
DA:2,3
DA:4,3
DA:10,3
DA:13,3
LF:5
LH:5
BRDA:2,0,0,3
BRDA:2,0,1,0
BRF:2
BRH:1
end_of_record
TN:
SF:models\nosql\storage.js
FNF:0
FNH:0
DA:1,3
DA:2,3
DA:3,3
DA:18,3
DA:19,3
LF:5
LH:5
BRF:0
BRH:0
end_of_record
TN:
SF:models\nosql\tracks.js
FN:14,(anonymous_0)
FN:49,(anonymous_1)
FN:65,(anonymous_2)
FNF:3
FNH:3
FNDA:1,(anonymous_0)
FNDA:1,(anonymous_1)
FNDA:1,(anonymous_2)
DA:1,3
DA:2,3
DA:3,3
DA:15,1
DA:49,3
DA:50,1
DA:63,1
DA:65,3
DA:66,1
DA:85,1
DA:88,3
DA:89,3
LF:12
LH:12
BRF:0
BRH:0
end_of_record
TN:
SF:models\nosql\users.js
FNF:0
FNH:0
DA:1,3
DA:2,3
DA:3,3
DA:29,3
DA:30,3
LF:5
LH:5
BRF:0
BRH:0
end_of_record
TN:
SF:routes\auth.js
FNF:0
FNH:0
DA:1,3
DA:2,3
DA:3,3
DA:4,3
DA:28,3
DA:51,3
DA:53,3
LF:7
LH:7
BRF:0
BRH:0
end_of_record
TN:
SF:routes\index.js
FN:7,(anonymous_0)
FN:11,(anonymous_1)
FNF:2
FNH:2
FNDA:12,(anonymous_0)
FNDA:12,(anonymous_1)
DA:1,3
DA:2,3
DA:3,3
DA:5,3
DA:7,3
DA:8,12
DA:11,3
DA:12,12
DA:13,12
DA:14,9
DA:15,9
DA:20,3
LF:12
LH:12
BRDA:13,0,0,9
BRDA:13,0,1,3
BRF:2
BRH:2
end_of_record
TN:
SF:routes\storage.js
FNF:0
FNH:0
DA:1,3
DA:2,3
DA:3,3
DA:4,3
DA:5,3
DA:31,3
DA:61,3
DA:89,3
DA:115,3
DA:118,3
LF:10
LH:10
BRF:0
BRH:0
end_of_record
TN:
SF:routes\tracks.js
FNF:0
FNH:0
DA:1,3
DA:2,3
DA:3,3
DA:4,3
DA:5,3
DA:6,3
DA:24,3
DA:55,3
DA:84,3
DA:115,3
DA:141,3
DA:144,3
LF:12
LH:12
BRF:0
BRH:0
end_of_record
TN:
SF:test\helper\helperData.js
FNF:0
FNH:0
DA:1,3
DA:6,3
DA:14,3
DA:22,3
DA:27,3
DA:44,3
LF:6
LH:6
BRF:0
BRH:0
end_of_record
TN:
SF:utils\handleError.js
FN:1,(anonymous_0)
FNF:1
FNH:1
FNDA:2,(anonymous_0)
DA:1,3
DA:2,2
DA:3,2
DA:6,3
LF:4
LH:4
BRDA:1,0,0,0
BRDA:1,1,0,0
BRF:2
BRH:0
end_of_record
TN:
SF:utils\handleJwt.js
FN:7,(anonymous_0)
FN:21,(anonymous_1)
FNF:2
FNH:2
FNDA:4,(anonymous_0)
FNDA:4,(anonymous_1)
DA:1,3
DA:2,3
DA:3,3
DA:4,3
DA:7,3
DA:8,4
DA:18,4
DA:21,3
DA:22,4
DA:23,4
DA:25,0
DA:29,3
LF:12
LH:11
BRF:0
BRH:0
end_of_record
TN:
SF:utils\handleLogger.js
FN:5,(anonymous_0)
FNF:1
FNH:0
FNDA:0,(anonymous_0)
DA:1,3
DA:2,3
DA:4,3
DA:6,0
DA:12,3
LF:5
LH:4
BRDA:2,0,0,3
BRDA:2,0,1,3
BRF:2
BRH:2
end_of_record
TN:
SF:utils\handlePassword.js
FN:4,(anonymous_0)
FN:10,(anonymous_1)
FNF:2
FNH:2
FNDA:1,(anonymous_0)
FNDA:2,(anonymous_1)
DA:1,3
DA:4,3
DA:5,1
DA:6,1
DA:10,3
DA:11,2
DA:14,3
LF:7
LH:7
BRF:0
BRH:0
end_of_record
TN:
SF:utils\handlePropertiesEngine.js
FN:2,(anonymous_0)
FNF:1
FNH:1
FNDA:6,(anonymous_0)
DA:1,3
DA:2,3
DA:3,6
DA:12,6
DA:15,3
LF:5
LH:5
BRF:0
BRH:0
end_of_record
TN:
SF:utils\handleStorage.js
FN:3,(anonymous_0)
FN:7,(anonymous_1)
FNF:2
FNH:2
FNDA:1,(anonymous_0)
FNDA:1,(anonymous_1)
DA:1,3
DA:2,3
DA:4,1
DA:5,1
DA:8,1
DA:9,1
DA:10,1
DA:14,3
DA:16,3
LF:9
LH:9
BRF:0
BRH:0
end_of_record
TN:
SF:utils\handleValidator.js
FN:3,(anonymous_0)
FNF:1
FNH:1
FNDA:9,(anonymous_0)
DA:1,3
DA:3,3
DA:4,9
DA:5,9
DA:6,9
DA:8,0
DA:9,0
DA:13,3
LF:8
LH:6
BRF:0
BRH:0
end_of_record
TN:
SF:validators\auth.js
FN:11,(anonymous_0)
FN:21,(anonymous_1)
FNF:2
FNH:2
FNDA:1,(anonymous_0)
FNDA:3,(anonymous_1)
DA:1,3
DA:2,3
DA:6,3
DA:12,1
DA:18,3
DA:22,3
DA:27,3
LF:7
LH:7
BRF:0
BRH:0
end_of_record
TN:
SF:validators\storage.js
FN:6,(anonymous_0)
FNF:1
FNH:1
FNDA:2,(anonymous_0)
DA:1,3
DA:2,3
DA:4,3
DA:7,2
DA:11,3
LF:5
LH:5
BRF:0
BRH:0
end_of_record
TN:
SF:validators\tracks.js
FN:16,(anonymous_0)
FN:24,(anonymous_1)
FN:42,(anonymous_2)
FNF:3
FNH:2
FNDA:1,(anonymous_0)
FNDA:2,(anonymous_1)
FNDA:0,(anonymous_2)
DA:1,3
DA:2,3
DA:4,3
DA:17,1
DA:22,3
DA:25,2
DA:29,3
DA:43,0
DA:47,3
LF:9
LH:8
BRF:0
BRH:0
end_of_record
